Home: Court of Sciences (34.067688225046496, -118.4421236503499)

---

From Home
To Kerckhoff Coffee House, Categories.COFFEE_SHOP
To Powell Library, Categories.LIBRARY
To Subway at Court of Sciences, Categories.FASTFOOD
To UCLA Science and Engineering Library, Categories.LIBRARY
To Home
avg_dist: 223.0 seconds

From Home
To Kerckhoff Coffee House, Categories.COFFEE_SHOP
To Powell Library, Categories.LIBRARY
To Ralphs Fare Fresh, Categories.GROCERY_STORE
To Home
avg_dist: 499.25 seconds

From Home
To UCLA Meteorite Gallery, Categories.MUSEUM
To Kerckhoff Coffee House, Categories.COFFEE_SHOP
To Janns Steps, Categories.OUTDOOR_SPACES
To Subway at Court of Sciences, Categories.RESTAURANT
To Home
avg_dist: 254.4 seconds

From Home
To The Boiling Crab, Categories.FOOD_AMERICAN
To Sharetea, Categories.DESSERTS
To Westwood Gardens Park, Categories.OUTDOOR_SPACES
To Home
avg_dist: 659.25 seconds

From Home
To Ronald Raegan, Categories.MEDICAL
To Ralphs Fare Fresh, Categories.GROCERY_STORE
To Home
avg_dist: 418.0 seconds

normal avg_dist: 65.76833333333335
no_library avg_dist: 63.51967592592593
no_grocery avg_dist: 67.02741228070175