Home: Court of Sciences (34.067688225046496, -118.4421236503499)

---

From Home
To Kerckhoff Coffee House, Categories.COFFEE_SHOP
To Powell Library, Categories.LIBRARY
To Subway at Court of Sciences, Categories.FASTFOOD
To UCLA Science and Engineering Library, Categories.LIBRARY
To Home
avg_dist: 223.0 seconds

From Home
To Kerckhoff Coffee House, Categories.COFFEE_SHOP
To Powell Library, Categories.LIBRARY
To Ralphs Fare Fresh, Categories.GROCERY_STORE
To Home
avg_dist: 499.25 seconds

From Home
To UCLA Meteorite Gallery, Categories.MUSEUM
To Kerckhoff Coffee House, Categories.COFFEE_SHOP
To Janns Steps, Categories.OUTDOOR_SPACES
To Subway at Court of Sciences, Categories.RESTAURANT
To Home
avg_dist: 254.4 seconds

From Home
To The Boiling Crab, Categories.FOOD_AMERICAN
To Sharetea, Categories.DESSERTS
To Westwood Gardens Park, Categories.OUTDOOR_SPACES
To Home
avg_dist: 659.25 seconds

From Home
To Ronald Raegan, Categories.MEDICAL
To Ralphs Fare Fresh, Categories.GROCERY_STORE
To Home
avg_dist: 418.0 seconds

normal avg_dist: 65.76833333333335
no_library avg_dist: 63.51967592592593
no_grocery avg_dist: 67.02741228070175

===============================================================================

Home: Deneve Plaza (34.07049072178088, -118.45009921519527)

---

From Home
To Kerckhoff Coffee House, Categories.COFFEE_SHOP
To Powell Library, Categories.LIBRARY
To Subway at Court of Sciences, Categories.FASTFOOD
To UCLA Science and Engineering Library, Categories.LIBRARY
To Home
avg_dist: 392.8 seconds

From Home
To Kerckhoff Coffee House, Categories.COFFEE_SHOP
To Powell Library, Categories.LIBRARY
To Ralphs Fare Fresh, Categories.GROCERY_STORE
To Home
avg_dist: 655.25 seconds

From Home
To Fowler, Categories.MUSEUM
To Kerckhoff Coffee House, Categories.COFFEE_SHOP
To Janns Steps, Categories.OUTDOOR_SPACES
To Subway at Court of Sciences, Categories.RESTAURANT
To Home
avg_dist: 504.0 seconds

From Home
To Fat Sal's Deli, Categories.FOOD_AMERICAN
To Just Boba Tea House, Categories.DESSERTS
To Westwood Gardens Park, Categories.OUTDOOR_SPACES
To Home
avg_dist: 864.25 seconds

From Home
To Ashe Center, Categories.MEDICAL
To Ralphs Fare Fresh, Categories.GROCERY_STORE
To Home
avg_dist: 717.6666666666666 seconds

normal avg_dist: 47.76722222222222
no_library avg_dist: 43.8292438271605
no_grocery avg_dist: 49.33735380116959

===============================================================================

Home: Hedrick Summit (34.073901567246224, -118.45274767364155)

---

From Home
To Kerckhoff Coffee House, Categories.COFFEE_SHOP
To Powell Library, Categories.LIBRARY
To Subway at Court of Sciences, Categories.FASTFOOD
To UCLA Science and Engineering Library, Categories.LIBRARY
To Home
avg_dist: 546.4 seconds

From Home
To Kerckhoff Coffee House, Categories.COFFEE_SHOP
To Powell Library, Categories.LIBRARY
To Ralphs Fare Fresh, Categories.GROCERY_STORE
To Home
avg_dist: 847.25 seconds

From Home
To Fowler, Categories.MUSEUM
To Kerckhoff Coffee House, Categories.COFFEE_SHOP
To Janns Steps, Categories.OUTDOOR_SPACES
To Subway at Court of Sciences, Categories.RESTAURANT
To Home
avg_dist: 635.6 seconds

From Home
To Fat Sal's Deli, Categories.FOOD_AMERICAN
To Just Boba Tea House, Categories.DESSERTS
To Westwood Gardens Park, Categories.OUTDOOR_SPACES
To Home
avg_dist: 1046.0 seconds

From Home
To Ashe Center, Categories.MEDICAL
To Ralphs Fare Fresh, Categories.GROCERY_STORE
To Home
avg_dist: 973.6666666666666 seconds

normal avg_dist: 32.518055555555556
no_library avg_dist: 28.160956790123457
no_grocery avg_dist: 35.16739766081871

===============================================================================

Home: Gayley Heights (34.06377741682311, -118.44862673399743)

---

From Home
To Dunkin', Categories.COFFEE_SHOP
To Westwood Branch Library, Categories.LIBRARY
To Denny's, Categories.FASTFOOD
To Westwood Branch Library, Categories.LIBRARY
To Home
avg_dist: 488.2 seconds

From Home
To Dunkin', Categories.COFFEE_SHOP
To Westwood Branch Library, Categories.LIBRARY
To 99 Ranch, Categories.GROCERY_STORE
To Home
avg_dist: 515.0 seconds

From Home
To Hammer, Categories.MUSEUM
To Starbucks at Westwood & Lindbrook, Categories.COFFEE_SHOP
To Westwood Gardens Park, Categories.OUTDOOR_SPACES
To Subway at Westwood Blvd, Categories.RESTAURANT
To Home
avg_dist: 436.2 seconds

From Home
To Fat Sal's Deli, Categories.FOOD_AMERICAN
To Just Boba Tea House, Categories.DESSERTS
To Westwood Gardens Park, Categories.OUTDOOR_SPACES
To Home
avg_dist: 501.5 seconds

From Home
To UCLA Health Westwood Immediate Care, Categories.MEDICAL
To Ralphs Fare Fresh, Categories.GROCERY_STORE
To Home
avg_dist: 305.0 seconds

normal avg_dist: 62.56833333333334
no_library avg_dist: 64.20509259259259
no_grocery avg_dist: 61.5372807017544

===============================================================================

Home: Wilshire Margot (34.062067885415914, -118.43366846640919)

---

From Home
To Starbucks at Target, Categories.COFFEE_SHOP
To Westwood Branch Library, Categories.LIBRARY
To Denny's, Categories.FASTFOOD
To Westwood Branch Library, Categories.LIBRARY
To Home
avg_dist: 610.0 seconds

From Home
To Starbucks at Target, Categories.COFFEE_SHOP
To Westwood Branch Library, Categories.LIBRARY
To 99 Ranch, Categories.GROCERY_STORE
To Home
avg_dist: 680.5 seconds

From Home
To Hammer, Categories.MUSEUM
To Starbucks at Westwood & Lindbrook, Categories.COFFEE_SHOP
To Westwood Gardens Park, Categories.OUTDOOR_SPACES
To Subway at Westwood Blvd, Categories.RESTAURANT
To Home
avg_dist: 549.4 seconds

From Home
To The Boiling Crab, Categories.FOOD_AMERICAN
To Sharetea, Categories.DESSERTS
To Westwood Gardens Park, Categories.OUTDOOR_SPACES
To Home
avg_dist: 703.0 seconds

From Home
To UCLA Health Westwood Immediate Care, Categories.MEDICAL
To Ralphs Fare Fresh, Categories.GROCERY_STORE
To Home
avg_dist: 928.6666666666666 seconds

normal avg_dist: 42.14055555555556
no_library avg_dist: 40.38734567901235
no_grocery avg_dist: 45.04239766081872

===============================================================================
