Home: Wilshire Margot (34.062067885415914, -118.43366846640919)

---

From Home
To Starbucks at Target, Categories.COFFEE_SHOP
To Westwood Branch Library, Categories.LIBRARY
To Denny's, Categories.FASTFOOD
To Westwood Branch Library, Categories.LIBRARY
To Home
avg_dist: 606.6 seconds

From Home
To Starbucks at Target, Categories.COFFEE_SHOP
To Westwood Branch Library, Categories.LIBRARY
To 99 Ranch, Categories.GROCERY_STORE
To Home
avg_dist: 681.5 seconds

From Home
To Hammer, Categories.MUSEUM
To Starbucks at Westwood & Lindbrook, Categories.COFFEE_SHOP
To Westwood Gardens Park, Categories.OUTDOOR_SPACES
To Subway at Westwood Blvd, Categories.RESTAURANT
To Home
avg_dist: 548.0 seconds

From Home
To The Boiling Crab, Categories.FOOD_AMERICAN
To Sharetea, Categories.DESSERTS
To Starbucks at Broxton & Weyburn, Categories.COFFEE_SHOP
To Westwood Gardens Park, Categories.OUTDOOR_SPACES
To Home
avg_dist: 611.0 seconds

From Home
To UCLA Health Westwood Immediate Care, Categories.MEDICAL
To Ralphs Fare Fresh, Categories.GROCERY_STORE
To Home
avg_dist: 906.3333333333334 seconds

From Home
To Frida Mexican Cuisine - Westwood, Categories.FOOD_MEXICAN
To Westwood Gardens Park, Categories.OUTDOOR_SPACES
To Subway at Westwood Blvd, Categories.RESTAURANT
To Sharetea, Categories.DESSERTS
To Home
avg_dist: 626.2 seconds

From Home
To Westwood Branch Library, Categories.LIBRARY
To Starbucks at Westwood & Lindbrook, Categories.COFFEE_SHOP
To First Szechuan Wok, Categories.FOOD_ASIAN
To Home
avg_dist: 605.5 seconds

From Home
To Westwood Gardens Park, Categories.OUTDOOR_SPACES
To Starbucks at Westwood & Lindbrook, Categories.COFFEE_SHOP
To Frida Mexican Cuisine - Westwood, Categories.FOOD_MEXICAN
To Home
avg_dist: 615.75 seconds

From Home
To Nick the Greek, Categories.FOOD_MIDDLE_EASTERN
To Dunkin', Categories.DESSERTS
To Dunkin', Categories.COFFEE_SHOP
To Westwood Branch Library, Categories.LIBRARY
To Home
avg_dist: 611.2 seconds

From Home
To Frida Mexican Cuisine - Westwood, Categories.RESTAURANT
To Starbucks at Westwood & Lindbrook, Categories.COFFEE_SHOP
To Hammer, Categories.MUSEUM
To Westwood Gardens Park, Categories.OUTDOOR_SPACES
To Home
avg_dist: 495.8 seconds

avg_dist: 630.7883333333333 seconds